{
  "RSpec": {
    "coverage": {
      "/Users/JoshuaHowell/Desktop/Texas A&M/Software_Engineering/Force-Request-ChiUSDE/spec/rails_helper.rb": [
        null,
        1,
        1,
        null,
        1,
        1,
        1,
        null,
        1,
        null,
        null,
        null,
        null,
        null,
        null,
        null,
        null,
        null,
        null,
        null,
        null,
        null,
        null,
        null,
        null,
        null,
        1,
        null,
        1,
        null,
        1,
        null,
        null,
        null,
        null,
        1,
        null,
        null,
        null,
        null,
        null,
        null,
        null,
        null,
        null,
        null,
        null,
        null,
        null,
        null,
        1,
        null,
        null,
        1,
        null,
        null,
        null
      ],
      "/Users/JoshuaHowell/Desktop/Texas A&M/Software_Engineering/Force-Request-ChiUSDE/spec/support/factory_girl.rb": [
        null,
        null,
        1,
        1,
        null
      ],
      "/Users/JoshuaHowell/Desktop/Texas A&M/Software_Engineering/Force-Request-ChiUSDE/app/controllers/admins_controller.rb": [
        1,
        1,
        1,
        null,
        1,
        4,
        null,
        null,
        4,
        4,
        2,
        2,
        null,
        2,
        2,
        null,
        null,
        null,
        null,
        null
      ],
      "/Users/JoshuaHowell/Desktop/Texas A&M/Software_Engineering/Force-Request-ChiUSDE/app/controllers/application_controller.rb": [
        1,
        1,
        null,
        1,
        43,
        43,
        43,
        null,
        null,
        null,
        1,
        null
      ],
      "/Users/JoshuaHowell/Desktop/Texas A&M/Software_Engineering/Force-Request-ChiUSDE/spec/controllers/student_controller_spec.rb": [
        1,
        1,
        null,
        1,
        null,
        null,
        null,
        null,
        null,
        null,
        null,
        null,
        null,
        null,
        null,
        null,
        null,
        null,
        null,
        null,
        null,
        null,
        null,
        null,
        null,
        null,
        null,
        null,
        null,
        null,
        null,
        null,
        null,
        null,
        null,
        1,
        1,
        1,
        null,
        null,
        1,
        1,
        null,
        null,
        null,
        1,
        1,
        1,
        null,
        null,
        1,
        1,
        1,
        null,
        null,
        null,
        1,
        1,
        1,
        null,
        null,
        null,
        1,
        1,
        1,
        1,
        null,
        1,
        1,
        null,
        null,
        null,
        1,
        1,
        2,
        2,
        null,
        1,
        1,
        1,
        null,
        null,
        null,
        1,
        1,
        1,
        null,
        null,
        null
      ],
      "/Users/JoshuaHowell/Desktop/Texas A&M/Software_Engineering/Force-Request-ChiUSDE/app/controllers/student_requests_controller.rb": [
        1,
        null,
        1,
        1,
        null,
        null,
        null,
        null,
        null,
        1,
        7,
        null,
        null,
        1,
        null,
        null,
        1,
        null,
        1,
        1,
        1,
        null,
        null,
        1,
        6,
        6,
        2,
        2,
        null,
        4,
        null,
        4,
        4,
        4,
        4,
        4,
        2,
        2,
        null,
        2,
        2,
        2,
        null,
        null,
        null,
        null,
        1,
        3,
        3,
        null,
        3,
        3,
        1,
        1,
        1,
        null,
        2,
        2,
        2,
        null,
        2,
        1,
        null,
        1,
        1,
        null,
        1,
        1,
        1,
        null,
        null,
        null,
        null,
        null,
        1,
        3,
        3,
        3,
        1,
        1,
        1,
        null,
        2,
        null,
        3,
        null,
        null,
        null,
        1,
        null,
        null,
        1,
        1,
        1,
        1,
        1,
        null,
        null,
        1,
        1,
        1,
        1,
        1,
        null,
        null,
        null,
        1,
        1,
        1,
        1,
        1,
        null,
        null,
        null,
        null,
        null,
        null,
        null,
        null,
        null,
        null,
        null,
        null,
        null,
        null,
        1,
        8,
        2,
        null,
        6,
        6,
        6,
        6,
        6,
        6,
        5,
        1,
        4,
        null,
        null,
        4,
        16,
        null,
        null,
        null,
        1,
        4,
        null,
        1,
        null,
        null,
        6,
        5,
        2,
        10,
        null,
        null,
        3,
        15,
        null,
        null,
        null,
        1,
        5,
        null,
        1,
        null,
        null,
        6,
        6,
        6,
        null,
        6,
        6,
        null,
        6,
        0,
        0,
        0,
        0,
        null,
        6,
        null,
        null,
        null,
        1,
        5,
        5,
        5,
        1,
        null,
        4,
        1,
        1,
        null,
        4,
        1,
        1,
        null,
        null,
        4,
        1,
        1,
        null,
        null,
        4,
        1,
        1,
        null,
        null,
        4,
        3,
        3,
        null,
        1,
        null,
        null,
        null,
        5,
        null,
        null,
        null,
        1,
        10,
        null,
        null,
        null,
        10,
        null,
        4,
        4,
        3,
        3,
        null,
        null,
        1,
        null,
        1,
        1,
        1,
        null,
        6,
        null,
        6,
        6,
        3,
        3,
        3,
        null,
        3,
        3,
        0,
        0,
        null,
        null,
        3,
        null,
        1,
        1,
        1,
        1,
        null,
        2,
        2,
        null,
        null,
        null,
        null,
        null,
        null,
        null,
        1,
        0,
        0,
        0,
        0,
        0,
        null,
        0,
        null,
        null,
        null,
        1,
        0,
        0,
        0,
        null,
        null,
        1,
        0,
        0,
        0,
        null,
        null,
        null,
        1,
        0,
        0,
        0,
        null,
        null,
        null,
        1,
        0,
        null,
        null,
        1,
        0,
        0,
        0,
        0,
        0,
        0,
        null,
        0,
        0,
        0,
        0,
        null,
        0,
        0,
        0,
        0,
        null,
        null,
        null,
        0,
        0,
        0,
        null,
        0,
        null,
        null,
        0,
        0,
        null,
        null,
        null,
        0,
        null,
        0,
        null,
        null,
        1,
        5,
        5,
        5,
        5,
        null,
        null,
        1,
        0,
        0,
        null,
        0,
        null,
        null,
        null,
        null,
        null,
        null,
        null,
        null,
        null,
        null,
        null,
        null,
        null,
        null,
        null,
        null,
        null,
        null,
        null,
        null,
        null,
        null,
        null,
        null,
        null,
        null,
        null,
        null,
        null,
        null,
        null,
        null,
        null,
        null,
        null,
        null,
        null,
        null,
        null,
        null,
        null,
        null,
        null,
        1,
        0,
        0,
        0,
        null,
        null,
        1,
        0,
        0,
        0,
        0,
        null,
        0,
        0,
        null,
        1,
        null,
        null,
        1,
        0,
        null,
        null
      ],
      "/Users/JoshuaHowell/Desktop/Texas A&M/Software_Engineering/Force-Request-ChiUSDE/spec/controllers/student_request_controller_spec.rb": [
        1,
        1,
        null,
        1,
        1,
        1,
        1,
        null,
        1,
        1,
        1,
        null,
        1,
        1,
        null,
        null,
        1,
        null,
        null,
        null,
        null,
        null,
        null,
        null,
        null,
        null,
        null,
        1,
        null,
        1,
        1,
        1,
        1,
        1,
        null,
        null,
        null,
        1,
        1,
        null,
        null,
        1,
        1,
        1,
        1,
        null,
        null,
        null,
        1,
        null,
        null,
        null,
        null,
        null,
        null,
        null,
        null,
        null,
        1,
        1,
        null,
        null,
        null,
        null,
        null,
        1,
        1,
        null,
        null,
        1,
        1,
        1,
        null,
        null,
        null,
        1,
        null,
        null,
        null,
        1,
        1,
        null,
        null,
        null,
        null,
        1,
        1,
        1,
        null,
        1,
        1,
        1,
        1,
        null,
        null,
        1,
        null,
        null,
        1,
        1,
        null,
        null,
        1,
        null,
        1,
        1,
        1,
        null,
        null,
        1,
        null,
        null,
        1,
        null,
        null,
        null,
        null,
        null,
        null,
        null,
        null,
        1,
        1,
        1,
        1,
        null,
        1,
        null,
        1,
        null,
        null,
        null,
        1,
        1,
        null,
        1,
        null,
        1,
        null,
        null,
        null,
        1,
        1,
        1,
        2,
        2,
        2,
        null,
        2,
        null,
        null,
        null,
        null,
        null,
        null,
        null,
        null,
        null,
        null,
        1,
        1,
        null,
        null,
        1,
        1,
        null,
        null,
        null,
        null,
        null,
        1,
        null,
        1,
        2,
        2,
        2,
        null,
        2,
        null,
        null,
        null,
        1,
        1,
        null,
        null,
        1,
        null,
        1,
        null,
        null,
        null,
        null,
        null,
        null,
        null,
        1,
        1,
        null,
        1,
        1,
        1,
        null,
        null,
        1,
        null,
        null,
        1,
        1,
        null,
        null,
        1,
        null,
        1,
        1,
        1,
        null,
        null,
        1,
        null,
        null,
        1,
        1,
        null,
        null,
        1,
        null,
        1,
        1,
        1,
        null,
        null,
        1,
        null,
        null,
        1,
        1,
        null,
        null,
        null,
        1,
        1,
        null,
        1,
        null,
        1,
        null,
        1,
        null,
        null,
        1,
        null,
        1,
        1,
        null,
        null,
        1,
        null,
        null,
        null,
        1,
        null,
        null,
        null,
        null,
        null,
        null,
        1,
        null,
        1,
        null,
        null,
        1,
        null,
        null,
        null,
        1,
        null,
        null,
        null,
        null,
        1,
        null,
        null,
        1,
        null,
        1,
        1,
        null,
        null,
        null,
        1,
        null,
        null,
        null,
        1,
        null,
        null,
        null,
        null,
        null,
        1,
        null,
        null,
        1,
        null,
        1,
        1,
        null,
        null,
        null,
        1,
        null,
        null,
        null,
        1,
        null,
        null,
        null,
        null,
        null,
        1,
        null,
        null,
        1,
        null,
        1,
        null,
        null,
        null,
        null,
        1,
        null,
        null,
        null,
        1,
        null,
        null,
        null,
        null,
        null,
        1,
        null,
        null,
        null,
        1,
        1,
        null,
        1,
        1,
        1,
        null,
        1,
        null,
        1,
        null,
        null,
        1,
        1,
        1,
        1,
        null,
        1,
        null,
        1,
        null,
        null,
        1,
        1,
        1,
        1,
        null,
        1,
        null,
        1,
        null,
        null,
        null,
        null,
        1,
        null,
        1,
        1,
        null,
        1,
        null,
        1,
        null,
        null,
        1,
        1,
        null,
        1,
        null,
        1,
        null,
        null,
        1,
        1,
        null,
        1,
        null,
        1,
        null,
        null,
        1,
        1,
        1,
        null,
        1,
        null,
        1,
        1,
        1,
        1,
        null,
        null,
        1,
        1,
        null,
        1,
        null,
        1,
        null,
        null,
        1,
        1,
        null,
        1,
        null,
        1,
        null,
        null,
        1,
        1,
        null,
        1,
        null,
        1,
        null,
        null,
        1,
        1,
        1,
        1,
        1,
        null,
        null,
        1,
        null,
        1,
        1,
        1,
        1,
        null,
        null,
        1,
        1,
        1,
        1,
        1,
        null,
        1,
        null,
        1,
        null,
        null,
        1,
        1,
        1,
        1,
        1,
        null,
        1,
        null,
        1,
        null,
        null,
        null,
        null,
        null,
        null
      ],
      "/Users/JoshuaHowell/Desktop/Texas A&M/Software_Engineering/Force-Request-ChiUSDE/spec/helpers/users_helper_spec.rb": [
        1,
        null,
        null,
        null,
        null,
        null,
        null,
        null,
        null,
        null,
        null,
        null,
        1,
        1,
        null
      ],
      "/Users/JoshuaHowell/Desktop/Texas A&M/Software_Engineering/Force-Request-ChiUSDE/spec/mailers/student_mailer_spec.rb": [
        null,
        null,
        null,
        1,
        null,
        1,
        1,
        1,
        1,
        1,
        null,
        null,
        2,
        null,
        1,
        1,
        1,
        1,
        null,
        null,
        1,
        1,
        null,
        null,
        null,
        1,
        1,
        1,
        1,
        1,
        null,
        null,
        2,
        null,
        1,
        1,
        1,
        1,
        null,
        null,
        1,
        1,
        null,
        null,
        null
      ],
      "/Users/JoshuaHowell/Desktop/Texas A&M/Software_Engineering/Force-Request-ChiUSDE/app/mailers/student_mailer.rb": [
        1,
        1,
        null,
        1,
        1,
        null,
        1,
        null,
        null,
        1,
        1,
        1,
        1,
        null,
        null,
        1,
        0,
        0,
        null,
        null
      ],
      "/Users/JoshuaHowell/Desktop/Texas A&M/Software_Engineering/Force-Request-ChiUSDE/spec/models/student_requests_model_spec.rb": [
        null,
        1,
        1,
        null,
        1,
        null,
        1,
        8,
        null,
        1,
        1,
        null,
        null,
        1,
        1,
        null,
        1,
        1,
        null,
        1,
        1,
        null,
        1,
        1,
        null,
        1,
        1,
        null,
        1,
        1,
        null,
        null,
        1,
        1,
        null,
        null
      ],
      "/Users/JoshuaHowell/Desktop/Texas A&M/Software_Engineering/Force-Request-ChiUSDE/app/models/student_request.rb": [
        1,
        null,
        1,
        null,
        1,
        1,
        1,
        1,
        1,
        null,
        null,
        1,
        1,
        1,
        1,
        1,
        null,
        1,
        1,
        null,
        null,
        1,
        1,
        null,
        null,
        null,
        null,
        null,
        null,
        null,
        null,
        null,
        null,
        null,
        null,
        null,
        null,
        null,
        null,
        null,
        null,
        null,
        null,
        null,
        null,
        null,
        null,
        null,
        null,
        null,
        null,
        null,
        null,
        null,
        null,
        null,
        null,
        null,
        null,
        null,
        null,
        null,
        null,
        null,
        null,
        null,
        null,
        null,
        null,
        null,
        null,
        null,
        null,
        null,
        null,
        null,
        null,
        null,
        null,
        null,
        null,
        null,
        null,
        null,
        null,
        null,
        null,
        null,
        null,
        null,
        null,
        null,
        null,
        null,
        null,
        null,
        null,
        null,
        null,
        null,
        null,
        null,
        null,
        null,
        null,
        null,
        null,
        null,
        null,
        null,
        null,
        null,
        null,
        null,
        null,
        null,
        null,
        null,
        null,
        null,
        null,
        null,
        null,
        null,
        null,
        null,
        null,
        null,
        null,
        null,
        null,
        null,
        null,
        null,
        null,
        null,
        null,
        null,
        null,
        null,
        null,
        null,
        null,
        null,
        null,
        null,
        null,
        null,
        null,
        null,
        null,
        null,
        null,
        null,
        null,
        null,
        null,
        null,
        1,
        1,
        null,
        null,
        1,
        1,
        1,
        1,
        null,
        1,
        1,
        101,
        null,
        null,
        1,
        null,
        1,
        1,
        101,
        303,
        3,
        300,
        0,
        300,
        100,
        200,
        200,
        null,
        null,
        null,
        null,
        1,
        1,
        2,
        6,
        3,
        3,
        0,
        3,
        1,
        2,
        2,
        null,
        null,
        null,
        null,
        1,
        1,
        1,
        1,
        1,
        1,
        1,
        1,
        1,
        1,
        1,
        1,
        null,
        null,
        null,
        1,
        null,
        1,
        1,
        null,
        1,
        null,
        1,
        null,
        30,
        30,
        null,
        null,
        1,
        null,
        33,
        33,
        null,
        null,
        1,
        null,
        30,
        30,
        null,
        null,
        1,
        0,
        0,
        0,
        0,
        null,
        null,
        null,
        null
      ],
      "/Users/JoshuaHowell/Desktop/Texas A&M/Software_Engineering/Force-Request-ChiUSDE/spec/models/student_spec.rb": [
        1,
        1,
        null,
        1,
        1,
        6,
        null,
        null,
        1,
        1,
        null,
        1,
        null,
        1,
        1,
        null,
        null,
        1,
        1,
        null,
        1,
        null,
        1,
        null,
        null,
        1,
        1,
        null,
        1,
        null,
        1,
        null,
        null,
        1,
        null,
        1,
        1,
        null,
        1,
        null,
        1,
        null,
        null,
        1,
        1,
        1,
        null,
        1,
        null,
        1,
        null,
        null,
        1,
        1,
        null,
        1,
        null,
        1,
        null,
        null,
        null,
        null
      ],
      "/Users/JoshuaHowell/Desktop/Texas A&M/Software_Engineering/Force-Request-ChiUSDE/app/models/student.rb": [
        1,
        1,
        1,
        1,
        1,
        null,
        1,
        null,
        null,
        null,
        1,
        null,
        1,
        2,
        2,
        null,
        2,
        null,
        null,
        1,
        1,
        1,
        null,
        null,
        1,
        1,
        1,
        1,
        1,
        null,
        null,
        null,
        1,
        2,
        null,
        null,
        1,
        1,
        18,
        18,
        null,
        null,
        null
      ],
      "/Users/JoshuaHowell/Desktop/Texas A&M/Software_Engineering/Force-Request-ChiUSDE/spec/views/users/new.html.erb_spec.rb": [
        1,
        null,
        1,
        1,
        null
      ],
      "/Users/JoshuaHowell/Desktop/Texas A&M/Software_Engineering/Force-Request-ChiUSDE/app/models/admin.rb": [
        1,
        1,
        1,
        1,
        1,
        null
      ],
      "/Users/JoshuaHowell/Desktop/Texas A&M/Software_Engineering/Force-Request-ChiUSDE/app/models/major.rb": [
        1,
        null
      ]
    },
    "timestamp": 1523482696
  },
  "Cucumber Features": {
    "coverage": {
      "E:/csce606/Force-Request-ChiUSDE/config/environment.rb": [
        null,
        1,
        null,
        null,
        0,
        null,
        0,
        0,
        null,
        0,
        null,
        null
      ],
      "E:/csce606/Force-Request-ChiUSDE/config/application.rb": [
        1,
        null,
        0,
        0,
        null,
        null,
        null,
        0,
        null,
        0,
        0,
        null,
        null,
        null,
        null,
        null,
        null,
        null,
        null,
        null,
        null,
        null,
        null,
        null,
        0,
        null,
        null
      ],
      "E:/csce606/Force-Request-ChiUSDE/config/boot.rb": [
        1,
        null,
        1
      ]
    },
    "timestamp": 1524249426
  }
}
